+ nvidia-smi
Fri Jan 24 12:47:38 2020       
+-----------------------------------------------------------------------------+
| NVIDIA-SMI 440.36       Driver Version: 440.36       CUDA Version: 10.2     |
|-------------------------------+----------------------+----------------------+
| GPU  Name        Persistence-M| Bus-Id        Disp.A | Volatile Uncorr. ECC |
| Fan  Temp  Perf  Pwr:Usage/Cap|         Memory-Usage | GPU-Util  Compute M. |
|===============================+======================+======================|
|   0  Tesla V100-PCIE...  On   | 00000000:37:00.0 Off |                    0 |
| N/A   62C    P0    31W / 250W |      0MiB / 16160MiB |      0%   E. Process |
+-------------------------------+----------------------+----------------------+
                                                                               
+-----------------------------------------------------------------------------+
| Processes:                                                       GPU Memory |
|  GPU       PID   Type   Process name                             Usage      |
|=============================================================================|
|  No running processes found                                                 |
+-----------------------------------------------------------------------------+
+ module load cuda/10.2
++ /usr/bin/modulecmd bash load cuda/10.2
Loaded module: cuda/10.2
+ eval CPATH=/appl/cuda/10.2/include ';export' 'CPATH;CUDA_HOME=/appl/cuda/10.2' ';export' 'CUDA_HOME;CUDA_ROOT=/appl/cuda/10.2' ';export' 'CUDA_ROOT;LD_LIBRARY_PATH=/appl/cuda/10.2/lib64:/lsf/10.1/linux3.10-glibc2.17-x86_64/lib' ';export' 'LD_LIBRARY_PATH;LD_RUN_PATH=/appl/cuda/10.2/lib64' ';export' 'LD_RUN_PATH;LOADEDMODULES=latex/TeXLive19:cuda/10.2' ';export' 'LOADEDMODULES;PATH=/appl/cuda/10.2/bin:/lsf/local/bin/:/lsf/10.1/linux3.10-glibc2.17-x86_64/etc:/lsf/10.1/linux3.10-glibc2.17-x86_64/bin:/appl/latex/TexLive19/bin/x86_64-linux:/apps/dcc/bin:/usr/bin:/bin:/usr/local/bin:.' ';export' 'PATH;_LMFILES_=/apps/dcc/etc/ModulesSL73/modulefiles/latex/TeXLive19:/apps/dcc/etc/ModulesSL73/modulefiles/cuda/10.2' ';export' '_LMFILES_;unset' 'MODULE_PARENT;'
++ CPATH=/appl/cuda/10.2/include
++ export CPATH
++ CUDA_HOME=/appl/cuda/10.2
++ export CUDA_HOME
++ CUDA_ROOT=/appl/cuda/10.2
++ export CUDA_ROOT
++ LD_LIBRARY_PATH=/appl/cuda/10.2/lib64:/lsf/10.1/linux3.10-glibc2.17-x86_64/lib
++ export LD_LIBRARY_PATH
++ LD_RUN_PATH=/appl/cuda/10.2/lib64
++ export LD_RUN_PATH
++ LOADEDMODULES=latex/TeXLive19:cuda/10.2
++ export LOADEDMODULES
++ PATH=/appl/cuda/10.2/bin:/lsf/local/bin/:/lsf/10.1/linux3.10-glibc2.17-x86_64/etc:/lsf/10.1/linux3.10-glibc2.17-x86_64/bin:/appl/latex/TexLive19/bin/x86_64-linux:/apps/dcc/bin:/usr/bin:/bin:/usr/local/bin:.
++ export PATH
++ _LMFILES_=/apps/dcc/etc/ModulesSL73/modulefiles/latex/TeXLive19:/apps/dcc/etc/ModulesSL73/modulefiles/cuda/10.2
++ export _LMFILES_
++ unset MODULE_PARENT
+ module load gcc/8.3.0
++ /usr/bin/modulecmd bash load gcc/8.3.0
Loaded dependency [gcc/8.3.0]: binutils/2.29
Loaded module: gcc/8.3.0
+ eval LD_LIBRARY_PATH=/appl/gcc/8.3.0/lib:/appl/gcc/8.3.0/lib64:/appl/cuda/10.2/lib64:/lsf/10.1/linux3.10-glibc2.17-x86_64/lib ';export' 'LD_LIBRARY_PATH;LOADEDMODULES=latex/TeXLive19:cuda/10.2:binutils/2.29:gcc/8.3.0' ';export' 'LOADEDMODULES;MANPATH=/appl/gcc/8.3.0/share/man:/lsf/10.1/man:/appl/latex/TexLive19/texmf/doc/man:/usr/share/man' ';export' 'MANPATH;PATH=/appl/gcc/8.3.0/bin:/appl/binutils/2.29/bin:/appl/cuda/10.2/bin:/lsf/local/bin/:/lsf/10.1/linux3.10-glibc2.17-x86_64/etc:/lsf/10.1/linux3.10-glibc2.17-x86_64/bin:/appl/latex/TexLive19/bin/x86_64-linux:/apps/dcc/bin:/usr/bin:/bin:/usr/local/bin:.' ';export' 'PATH;_LMFILES_=/apps/dcc/etc/ModulesSL73/modulefiles/latex/TeXLive19:/apps/dcc/etc/ModulesSL73/modulefiles/cuda/10.2:/apps/dcc/etc/ModulesSL73/modulefiles/binutils/2.29:/apps/dcc/etc/ModulesSL73/modulefiles/gcc/8.3.0' ';export' '_LMFILES_;unset' 'MODULE_PARENT;'
++ LD_LIBRARY_PATH=/appl/gcc/8.3.0/lib:/appl/gcc/8.3.0/lib64:/appl/cuda/10.2/lib64:/lsf/10.1/linux3.10-glibc2.17-x86_64/lib
++ export LD_LIBRARY_PATH
++ LOADEDMODULES=latex/TeXLive19:cuda/10.2:binutils/2.29:gcc/8.3.0
++ export LOADEDMODULES
++ MANPATH=/appl/gcc/8.3.0/share/man:/lsf/10.1/man:/appl/latex/TexLive19/texmf/doc/man:/usr/share/man
++ export MANPATH
++ PATH=/appl/gcc/8.3.0/bin:/appl/binutils/2.29/bin:/appl/cuda/10.2/bin:/lsf/local/bin/:/lsf/10.1/linux3.10-glibc2.17-x86_64/etc:/lsf/10.1/linux3.10-glibc2.17-x86_64/bin:/appl/latex/TexLive19/bin/x86_64-linux:/apps/dcc/bin:/usr/bin:/bin:/usr/local/bin:.
++ export PATH
++ _LMFILES_=/apps/dcc/etc/ModulesSL73/modulefiles/latex/TeXLive19:/apps/dcc/etc/ModulesSL73/modulefiles/cuda/10.2:/apps/dcc/etc/ModulesSL73/modulefiles/binutils/2.29:/apps/dcc/etc/ModulesSL73/modulefiles/gcc/8.3.0
++ export _LMFILES_
++ unset MODULE_PARENT
+ /appl/cuda/9.1/samples/bin/x86_64/linux/release/deviceQuery
/appl/cuda/9.1/samples/bin/x86_64/linux/release/deviceQuery Starting...

 CUDA Device Query (Runtime API) version (CUDART static linking)

Detected 1 CUDA Capable device(s)

Device 0: "Tesla V100-PCIE-16GB"
  CUDA Driver Version / Runtime Version          10.2 / 9.1
  CUDA Capability Major/Minor version number:    7.0
  Total amount of global memory:                 16160 MBytes (16945512448 bytes)
  (80) Multiprocessors, ( 64) CUDA Cores/MP:     5120 CUDA Cores
  GPU Max Clock rate:                            1380 MHz (1.38 GHz)
  Memory Clock rate:                             877 Mhz
  Memory Bus Width:                              4096-bit
  L2 Cache Size:                                 6291456 bytes
  Maximum Texture Dimension Size (x,y,z)         1D=(131072), 2D=(131072, 65536), 3D=(16384, 16384, 16384)
  Maximum Layered 1D Texture Size, (num) layers  1D=(32768), 2048 layers
  Maximum Layered 2D Texture Size, (num) layers  2D=(32768, 32768), 2048 layers
  Total amount of constant memory:               65536 bytes
  Total amount of shared memory per block:       49152 bytes
  Total number of registers available per block: 65536
  Warp size:                                     32
  Maximum number of threads per multiprocessor:  2048
  Maximum number of threads per block:           1024
  Max dimension size of a thread block (x,y,z): (1024, 1024, 64)
  Max dimension size of a grid size    (x,y,z): (2147483647, 65535, 65535)
  Maximum memory pitch:                          2147483647 bytes
  Texture alignment:                             512 bytes
  Concurrent copy and kernel execution:          Yes with 7 copy engine(s)
  Run time limit on kernels:                     No
  Integrated GPU sharing Host Memory:            No
  Support host page-locked memory mapping:       Yes
  Alignment requirement for Surfaces:            Yes
  Device has ECC support:                        Enabled
  Device supports Unified Addressing (UVA):      Yes
  Supports Cooperative Kernel Launch:            Yes
  Supports MultiDevice Co-op Kernel Launch:      Yes
  Device PCI Domain ID / Bus ID / location ID:   0 / 55 / 0
  Compute Mode:
     < Exclusive Process (many threads in one process is able to use ::cudaSetDevice() with this device) >

deviceQuery, CUDA Driver = CUDART, CUDA Driver Version = 10.2, CUDA Runtime Version = 9.1, NumDevs = 1
Result = PASS
+ EXECUTABLE=poisson_seq
+ N='4 8 16 32'
+ ITER=100
+ TOL=0
+ START_T=0
+ OUT=0
+ NUM_RUNS=10
+ RUNS='1 10 100 1000'
+ for n in N
+ ./poisson_seq N 100 0 0 0
array h_u1: allocation failed: File exists

------------------------------------------------------------
Sender: LSF System <lsfadmin@n-62-20-2>
Subject: Job 5178632: <xbone_1_seq> in cluster <dcc> Exited

Job <xbone_1_seq> was submitted from host <n-62-20-7> by user <s164211> in cluster <dcc> at Fri Jan 24 12:47:36 2020
Job was executed on host(s) <n-62-20-2>, in queue <hpcintrogpu>, as user <s164211> in cluster <dcc> at Fri Jan 24 12:47:37 2020
</zhome/e3/7/118026> was used as the home directory.
</zhome/e3/7/118026/Desktop/gits/3/New/GPU_SEQ> was used as the working directory.
Started at Fri Jan 24 12:47:37 2020
Terminated at Fri Jan 24 12:47:38 2020
Results reported at Fri Jan 24 12:47:38 2020

Your job looked like:

------------------------------------------------------------
# LSBATCH: User input
#!/bin/bash
#
#BSUB -J xbone_1_seq
#BSUB -o xbone_1_seq_%J.out
#BSUB -q hpcintrogpu
#BSUB -n 1
#BSUB -R "rusage[mem=4GB]"
#BSUB -gpu "num=1:mode=exclusive_process"
#BSUB -W 10
#BSUB -R "span[hosts=1]"

set -x

nvidia-smi

# module load studio
# module load clang/9.0.0
# module swap clang/9.0.0
module load cuda/10.2
module load gcc/8.3.0
/appl/cuda/9.1/samples/bin/x86_64/linux/release/deviceQuery

# executable
EXECUTABLE=poisson_seq

# args
N="4 8 16 32"
ITER="100"
TOL="0"
START_T="0"
OUT="0"

# environment variables

NUM_RUNS=10
RUNS="1 10 100 1000"
# start the collect command with the above settings
# ./$EXECUTABLE $N $ITER $TOL $START_T $OUT

# time for i in {1..1000}; do ./$EXECUTABLE 25 $ITER $TOL $START_T $OUT; done
# time for i in {1..100}; do ./$EXECUTABLE 50 $ITER $TOL $START_T $OUT; done
# time for i in {1..10}; do ./$EXECUTABLE 100 $ITER $TOL $START_T $OUT; done
# time ./$EXECUTABLE 200 $ITER $TOL $START_T $OUT

for n in N
do
    ./$EXECUTABLE $n $ITER $TOL $START_T $OUT
done



(... more ...)
------------------------------------------------------------

Exited with exit code 255.

Resource usage summary:

    CPU time :                                   0.59 sec.
    Max Memory :                                 -
    Average Memory :                             -
    Total Requested Memory :                     4096.00 MB
    Delta Memory :                               -
    Max Swap :                                   -
    Max Processes :                              -
    Max Threads :                                -
    Run time :                                   8 sec.
    Turnaround time :                            2 sec.

The output (if any) is above this job summary.

