Fri Jan 24 20:07:21 2020       
+-----------------------------------------------------------------------------+
| NVIDIA-SMI 440.36       Driver Version: 440.36       CUDA Version: 10.2     |
|-------------------------------+----------------------+----------------------+
| GPU  Name        Persistence-M| Bus-Id        Disp.A | Volatile Uncorr. ECC |
| Fan  Temp  Perf  Pwr:Usage/Cap|         Memory-Usage | GPU-Util  Compute M. |
|===============================+======================+======================|
|   0  Tesla V100-PCIE...  On   | 00000000:37:00.0 Off |                    0 |
| N/A   68C    P0    38W / 250W |      0MiB / 16160MiB |      0%   E. Process |
+-------------------------------+----------------------+----------------------+
                                                                               
+-----------------------------------------------------------------------------+
| Processes:                                                       GPU Memory |
|  GPU       PID   Type   Process name                             Usage      |
|=============================================================================|
|  No running processes found                                                 |
+-----------------------------------------------------------------------------+
Loaded module: cuda/10.2
Loaded dependency [gcc/8.3.0]: binutils/2.29
Loaded module: gcc/8.3.0
max_tol: 0.010000 
max_iter = 10000
real	7m32.287s
user	4m39.821s
sys	2m51.152s
==8031== NVPROF is profiling process 8031, command: ./poisson_tolerance 512 10000 0.1 0 0
User defined signal 2

------------------------------------------------------------
Sender: LSF System <lsfadmin@n-62-20-3>
Subject: Job 5187104: <xbone_1_tol> in cluster <dcc> Exited

Job <xbone_1_tol> was submitted from host <n-62-20-7> by user <s164211> in cluster <dcc> at Fri Jan 24 20:07:20 2020
Job was executed on host(s) <n-62-20-3>, in queue <hpcintrogpu>, as user <s164211> in cluster <dcc> at Fri Jan 24 20:07:20 2020
</zhome/e3/7/118026> was used as the home directory.
</zhome/e3/7/118026/Desktop/gits/3/New/GPU_TOL> was used as the working directory.
Started at Fri Jan 24 20:07:20 2020
Terminated at Fri Jan 24 20:22:20 2020
Results reported at Fri Jan 24 20:22:20 2020

Your job looked like:

------------------------------------------------------------
# LSBATCH: User input
#!/bin/bash
#BSUB -J xbone_1_tol
#BSUB -o xbone_1_tol_%J.out
#BSUB -q hpcintrogpu
#BSUB -n 1
#BSUB -gpu "num=1:mode=exclusive_process"
#BSUB -R "rusage[mem=8GB]"
#BSUB -W 15
# BSUB -R "span[hosts=1]"

# set -x

nvidia-smi

# module load studio
# module load clang/9.0.0
# module swap clang/9.0.0
module load cuda/10.2
module load gcc/8.3.0
# /appl/cuda/9.1/samples/bin/x86_64/linux/release/deviceQuery

# executable
EXECUTABLE=poisson_tolerance

# args
N="128 256 512"
ITER="100"
TOL="0.1"
START_T="0"
OUT="0"

# environment variables

NUM_RUNS=10
ITERS="10000"
# start the collect command with the above settings
# ./$EXECUTABLE $N $ITER $TOL $START_T $OUT

# time for i in {1..1000}; do ./$EXECUTABLE 25 $ITER $TOL $START_T $OUT; done
# time for i in {1..100}; do ./$EXECUTABLE 50 $ITER $TOL $START_T $OUT; done
# time for i in {1..10}; do ./$EXECUTABLE 100 $ITER $TOL $START_T $OUT; done
# time ./$EXECUTABLE 200 $ITER $TOL $START_T $OUT

time ./$EXECUTABLE 512 $ITERS $TOL $START_T $OUT
nvprof --print-gpu-summary ./$EXECUTABLE 512 $ITERS $TOL $START_T $OUT

# for n in $N
# do
#     time ./$EXECUTABLE $n $ITERS $TOL $START_T $OUT
#     nvprof --print-gpu-summary ./$EXECUTABLE $n $ITERS $TOL $START_T $OUT

(... more ...)
------------------------------------------------------------

TERM_RUNLIMIT: job killed after reaching LSF run time limit.
Exited with exit code 140.

Resource usage summary:

    CPU time :                                   894.00 sec.
    Max Memory :                                 102 MB
    Average Memory :                             53.38 MB
    Total Requested Memory :                     8192.00 MB
    Delta Memory :                               8090.00 MB
    Max Swap :                                   -
    Max Processes :                              5
    Max Threads :                                15
    Run time :                                   927 sec.
    Turnaround time :                            900 sec.

The output (if any) is above this job summary.

